<?xml version="1.0" encoding="UTF-8"?>
<!-- Generated by org.testng.reporters.JUnitReportReporter -->
<testsuite hostname="DESKTOP-LR7I5H0" failures="0" tests="1" name="Naukri" time="21.602" errors="0" timestamp="2023-03-22T13:44:25 IST" skipped="0">
  <testcase classname="Naukri" name="update" time="21.602"/>
  <system-out/>
</testsuite> <!-- Naukri -->
